#-----------------------------------------------------------
# xsim v2021.2 (64-bit)
# SW Build 3367213 on Tue Oct 19 02:47:39 MDT 2021
# IP Build 3369179 on Thu Oct 21 08:25:16 MDT 2021
# Start of session at: Tue Apr 26 16:04:26 2022
# Process ID: 28417
# Current directory: /home/tun24853/ece2613/lab3/lab3
# Command line: xsim -mode tcl -source {xsim.dir/work.tb_svn_seg_decoder/xsim_script.tcl}
# Log file: /home/tun24853/ece2613/lab3/lab3/xsim.log
# Journal file: /home/tun24853/ece2613/lab3/lab3/xsim.jou
# Running On: ece-000, OS: Linux, CPU Frequency: 2200.000 MHz, CPU Physical cores: 4, Host memory: 16507 MB
#-----------------------------------------------------------
source xsim.dir/work.tb_svn_seg_decoder/xsim_script.tcl
# xsim {work.tb_svn_seg_decoder} -autoloadwcfg -tclbatch {tb_svn_seg_decoder.tcl} -onerror quit
Time resolution is 1 ps
source tb_svn_seg_decoder.tcl
## run all
Simulation complete - no mismatches!!!
$finish called at time : 640 ns : File "/home/tun24853/ece2613/lab3/lab3/tb_svn_seg_decoder.sv" Line 67
## exit
INFO: [Common 17-206] Exiting xsim at Tue Apr 26 16:04:40 2022...
