#-----------------------------------------------------------
# xsim v2021.2 (64-bit)
# SW Build 3367213 on Tue Oct 19 02:47:39 MDT 2021
# IP Build 3369179 on Thu Oct 21 08:25:16 MDT 2021
# Start of session at: Thu Apr 28 17:03:45 2022
# Process ID: 21824
# Current directory: /home/tun24853/ece2613/lab6a/lab6a
# Command line: xsim -mode tcl -source {xsim.dir/work.tb_display_driver/xsim_script.tcl}
# Log file: /home/tun24853/ece2613/lab6a/lab6a/xsim.log
# Journal file: /home/tun24853/ece2613/lab6a/lab6a/xsim.jou
# Running On: ece-000, OS: Linux, CPU Frequency: 2200.000 MHz, CPU Physical cores: 4, Host memory: 16507 MB
#-----------------------------------------------------------
source xsim.dir/work.tb_display_driver/xsim_script.tcl
# xsim {work.tb_display_driver} -autoloadwcfg -tclbatch {tb_display_driver.tcl} -onerror quit
Time resolution is 1 ps
source tb_display_driver.tcl
## run 10100us
Time: 327690 ns
Time: 655370 ns
Time: 983050 ns
Time: 1310730 ns
Time: 1638410 ns
Time: 1966090 ns
Time: 2293770 ns
Time: 2621450 ns
Time: 2949130 ns
Time: 3276810 ns
Simulation complete - no mismatches!!!
$finish called at time : 3276810 ns : File "/home/tun24853/ece2613/lab6a/lab6a/tb_display_driver.sv" Line 104
run: Time (s): cpu = 00:00:03 ; elapsed = 00:00:06 . Memory (MB): peak = 2755.852 ; gain = 404.555 ; free physical = 2089 ; free virtual = 20309
## exit
INFO: [Common 17-206] Exiting xsim at Thu Apr 28 17:04:07 2022...
