#-----------------------------------------------------------
# xsim v2021.2 (64-bit)
# SW Build 3367213 on Tue Oct 19 02:47:39 MDT 2021
# IP Build 3369179 on Thu Oct 21 08:25:16 MDT 2021
# Start of session at: Wed Feb 23 14:18:05 2022
# Process ID: 9626
# Current directory: /home/tun24853/ece2613/lab4
# Command line: xsim -mode tcl -source {xsim.dir/work.tb_lab4_decoder/xsim_script.tcl}
# Log file: /home/tun24853/ece2613/lab4/xsim.log
# Journal file: /home/tun24853/ece2613/lab4/xsim.jou
# Running On: ece-000, OS: Linux, CPU Frequency: 2200.000 MHz, CPU Physical cores: 4, Host memory: 16507 MB
#-----------------------------------------------------------
source xsim.dir/work.tb_lab4_decoder/xsim_script.tcl
# xsim {work.tb_lab4_decoder} -autoloadwcfg -tclbatch {tb_lab4_decoder.tcl} -onerror quit
Time resolution is 1 ps
source tb_lab4_decoder.tcl
## run all
Simulation complete - no mismatches!!!
$finish called at time : 2560 ns : File "/home/tun24853/ece2613/lab4/tb_lab4_decoder.sv" Line 64
## exit
INFO: [Common 17-206] Exiting xsim at Wed Feb 23 14:18:15 2022...
