#-----------------------------------------------------------
# xsim v2021.2 (64-bit)
# SW Build 3367213 on Tue Oct 19 02:47:39 MDT 2021
# IP Build 3369179 on Thu Oct 21 08:25:16 MDT 2021
# Start of session at: Thu Apr 21 10:32:17 2022
# Process ID: 24098
# Current directory: /home/tun24853/ece2613/lab5
# Command line: xsim -mode tcl -source {xsim.dir/work.tb_comb_shifters/xsim_script.tcl}
# Log file: /home/tun24853/ece2613/lab5/xsim.log
# Journal file: /home/tun24853/ece2613/lab5/xsim.jou
# Running On: ece-000, OS: Linux, CPU Frequency: 2200.000 MHz, CPU Physical cores: 4, Host memory: 16507 MB
#-----------------------------------------------------------
source xsim.dir/work.tb_comb_shifters/xsim_script.tcl
# xsim {work.tb_comb_shifters} -autoloadwcfg -tclbatch {tb_comb_shifters.tcl} -onerror quit
Time resolution is 1 ps
source tb_comb_shifters.tcl
## run all
Simulation complete - no mismatches!!!
$finish called at time : 40960 ns : File "/home/tun24853/ece2613/lab5/tb_comb_shifters.sv" Line 65
## exit
INFO: [Common 17-206] Exiting xsim at Thu Apr 21 10:32:41 2022...
