#-----------------------------------------------------------
# xsim v2021.2 (64-bit)
# SW Build 3367213 on Tue Oct 19 02:47:39 MDT 2021
# IP Build 3369179 on Thu Oct 21 08:25:16 MDT 2021
# Start of session at: Wed Apr  6 14:02:55 2022
# Process ID: 13296
# Current directory: /home/tun24853/ece2613/lab6
# Command line: xsim -mode tcl -source {xsim.dir/work.tb_lab6_alu_1/xsim_script.tcl}
# Log file: /home/tun24853/ece2613/lab6/xsim.log
# Journal file: /home/tun24853/ece2613/lab6/xsim.jou
# Running On: ece-000, OS: Linux, CPU Frequency: 2200.000 MHz, CPU Physical cores: 4, Host memory: 16507 MB
#-----------------------------------------------------------
source xsim.dir/work.tb_lab6_alu_1/xsim_script.tcl
# xsim {work.tb_lab6_alu_1} -autoloadwcfg -tclbatch {tb_lab6_alu_1.tcl} -onerror quit
Time resolution is 1 ps
source tb_lab6_alu_1.tcl
## run 82us
Simulation complete - no mismatches!!!
$finish called at time : 81920 ns : File "/home/tun24853/ece2613/lab6/tb_lab6_alu_1.sv" Line 117
## exit
INFO: [Common 17-206] Exiting xsim at Wed Apr  6 14:03:20 2022...
